
(add_two_elements.story)
Scenario: check sum of two products in cart: one reduced and one normal
Given start page on eMAG
And I search for samsung
And I found the first normal product
And I store the normal product details in a product.Product object (FAILED)
(org.openqa.selenium.NoSuchElementException: Unable to locate element: .//div[@class='product-highlight product-page-pricing']
For documentation on this error, please visit: https://www.seleniumhq.org/exceptions/no_such_element.html
Build info: version: '3.141.59', revision: 'e82be7d358', time: '2018-11-14T08:17:03'
System info: host: 'devcosminc', ip: '127.0.0.1', os.name: 'Linux', os.arch: 'amd64', os.version: '4.15.0-51-generic', java.version: '1.8.0_212'
Driver info: org.openqa.selenium.firefox.FirefoxDriver
Capabilities {acceptInsecureCerts: true, browserName: firefox, browserVersion: 67.0.1, javascriptEnabled: true, moz:accessibilityChecks: false, moz:buildID: 20190529212008, moz:geckodriverVersion: 0.24.0, moz:headless: false, moz:processID: 5388, moz:profile: /tmp/rust_mozprofile.lgnGjJ..., moz:shutdownTimeout: 60000, moz:useNonSpecCompliantPointerOrigin: false, moz:webdriverClick: true, pageLoadStrategy: normal, platform: LINUX, platformName: LINUX, platformVersion: 4.15.0-51-generic, rotatable: false, setWindowRect: true, strictFileInteractability: false, timeouts: {implicit: 0, pageLoad: 300000, script: 30000}, unhandledPromptBehavior: dismiss and notify}
Session ID: 24dafb2b-8215-4f16-a6ba-2fe911183af9
*** Element info: {Using=xpath, value=.//div[@class='product-highlight product-page-pricing']})
And I add normal product to the cart (NOT PERFORMED)
And I navigate back in browser (NOT PERFORMED)
And I select the first reduced product (NOT PERFORMED)
And I store the reduced product details in a product.Product object (NOT PERFORMED)
And I add reduced product to the cart (NOT PERFORMED)
And I go to view the cart (NOT PERFORMED)
And I add the two prices in a float (NOT PERFORMED)
And I store the cart total price in a float (NOT PERFORMED)
When I compare the two floats (NOT PERFORMED)
Then the two numbers must be equals (NOT PERFORMED)

steps.CommonSteps.tearDown() (FAILED)
(org.jbehave.core.failures.BeforeOrAfterFailed: Method tearDown (annotated with @AfterStory in class steps.CommonSteps) failed: org.openqa.selenium.json.JsonException: java.lang.reflect.InvocationTargetException
Build info: version: '3.141.59', revision: 'e82be7d358', time: '2018-11-14T08:17:03'
System info: host: 'devcosminc', ip: '127.0.0.1', os.name: 'Linux', os.arch: 'amd64', os.version: '4.15.0-51-generic', java.version: '1.8.0_212'
Driver info: driver.version: RemoteWebDriver)
steps.CommonSteps.tearDown() (FAILED)
(org.jbehave.core.failures.BeforeOrAfterFailed: Method tearDown (annotated with @AfterStory in class steps.CommonSteps) failed: org.openqa.selenium.json.JsonException: java.lang.reflect.InvocationTargetException
Build info: version: '3.141.59', revision: 'e82be7d358', time: '2018-11-14T08:17:03'
System info: host: 'devcosminc', ip: '127.0.0.1', os.name: 'Linux', os.arch: 'amd64', os.version: '4.15.0-51-generic', java.version: '1.8.0_212'
Driver info: driver.version: RemoteWebDriver)
steps.CommonSteps.tearDown() (FAILED)
(org.jbehave.core.failures.BeforeOrAfterFailed: Method tearDown (annotated with @AfterStory in class steps.CommonSteps) failed: org.openqa.selenium.NoSuchElementException: Unable to locate element: .//a[@class='js-logout-btn']
For documentation on this error, please visit: https://www.seleniumhq.org/exceptions/no_such_element.html
Build info: version: '3.141.59', revision: 'e82be7d358', time: '2018-11-14T08:17:03'
System info: host: 'devcosminc', ip: '127.0.0.1', os.name: 'Linux', os.arch: 'amd64', os.version: '4.15.0-51-generic', java.version: '1.8.0_212'
Driver info: org.openqa.selenium.firefox.FirefoxDriver
Capabilities {acceptInsecureCerts: true, browserName: firefox, browserVersion: 67.0.1, javascriptEnabled: true, moz:accessibilityChecks: false, moz:buildID: 20190529212008, moz:geckodriverVersion: 0.24.0, moz:headless: false, moz:processID: 6085, moz:profile: /tmp/rust_mozprofile.JIZkFj..., moz:shutdownTimeout: 60000, moz:useNonSpecCompliantPointerOrigin: false, moz:webdriverClick: true, pageLoadStrategy: normal, platform: LINUX, platformName: LINUX, platformVersion: 4.15.0-51-generic, rotatable: false, setWindowRect: true, strictFileInteractability: false, timeouts: {implicit: 0, pageLoad: 300000, script: 30000}, unhandledPromptBehavior: dismiss and notify}
Session ID: a42a5605-2073-40cd-a411-7600deff7350
*** Element info: {Using=xpath, value=.//a[@class='js-logout-btn']})

